08:12:17.160 [main] INFO  stepDefinitions.Hooks:35 - ---------------Test Automation has started------------
08:12:17.166 [main] INFO  stepDefinitions.Hooks:36 - Test Scenario : Sample Scenario
08:12:17.170 [main] INFO  stepDefinitions.Hooks:37 - Browser type ----> chrome
08:12:21.484 [main] INFO  stepDefinitions.SampleSteps:15 - Something happened
08:12:21.486 [main] INFO  stepDefinitions.SampleSteps:20 - Something certain happened
08:12:21.487 [main] INFO  stepDefinitions.SampleSteps:26 - Something special happened
08:12:21.490 [main] INFO  stepDefinitions.Hooks:57 - Test scenario -->>> ->>>> Passed
08:23:02.784 [pool-3-thread-1] INFO  stepDefinitions.Hooks:31 - ---------------Test Automation has started------------
08:23:02.790 [pool-3-thread-1] INFO  stepDefinitions.Hooks:32 - Test Scenario : Sample Scenario
08:23:02.793 [pool-3-thread-1] INFO  stepDefinitions.Hooks:33 - Browser type ----> chrome
08:23:06.249 [pool-3-thread-1] INFO  stepDefinitions.SampleSteps:16 - Something happened
08:23:06.254 [pool-3-thread-1] INFO  stepDefinitions.SampleSteps:22 - Something certain happened
08:23:06.258 [pool-3-thread-1] INFO  stepDefinitions.SampleSteps:29 - Something special happened
08:23:06.266 [pool-3-thread-1] INFO  stepDefinitions.Hooks:53 - Test scenario -->>> ->>>> Passed
08:23:09.319 [main] DEBUG org.apache.poi.openxml4j.opc.PackageRelationshipCollection:309 - Parsing relationship: /xl/charts/_rels/chart1.xml.rels
08:23:09.328 [main] DEBUG org.apache.poi.openxml4j.opc.PackageRelationshipCollection:309 - Parsing relationship: /xl/charts/_rels/chart2.xml.rels
08:23:09.332 [main] DEBUG org.apache.poi.openxml4j.opc.PackageRelationshipCollection:309 - Parsing relationship: /xl/charts/_rels/chart3.xml.rels
08:23:09.336 [main] DEBUG org.apache.poi.openxml4j.opc.PackageRelationshipCollection:309 - Parsing relationship: /xl/charts/_rels/chart5.xml.rels
08:23:09.343 [main] DEBUG org.apache.poi.openxml4j.opc.PackageRelationshipCollection:309 - Parsing relationship: /xl/charts/_rels/chart8.xml.rels
08:23:09.349 [main] DEBUG org.apache.poi.openxml4j.opc.PackageRelationshipCollection:309 - Parsing relationship: /xl/drawings/_rels/drawing1.xml.rels
08:23:09.356 [main] DEBUG org.apache.poi.openxml4j.opc.PackageRelationshipCollection:309 - Parsing relationship: /xl/drawings/_rels/drawing5.xml.rels
08:23:09.360 [main] DEBUG org.apache.poi.openxml4j.opc.PackageRelationshipCollection:309 - Parsing relationship: /xl/drawings/_rels/drawing7.xml.rels
08:23:09.363 [main] DEBUG org.apache.poi.openxml4j.opc.PackageRelationshipCollection:309 - Parsing relationship: /xl/drawings/_rels/drawing8.xml.rels
08:23:09.367 [main] DEBUG org.apache.poi.openxml4j.opc.PackageRelationshipCollection:309 - Parsing relationship: /xl/drawings/_rels/drawing10.xml.rels
08:23:09.370 [main] DEBUG org.apache.poi.openxml4j.opc.PackageRelationshipCollection:309 - Parsing relationship: /xl/drawings/_rels/drawing11.xml.rels
08:23:09.384 [main] DEBUG org.apache.poi.openxml4j.opc.PackageRelationshipCollection:309 - Parsing relationship: /xl/externalLinks/_rels/externalLink1.xml.rels
08:23:09.389 [main] DEBUG org.apache.poi.openxml4j.opc.PackageRelationshipCollection:309 - Parsing relationship: /xl/_rels/workbook.xml.rels
08:23:09.396 [main] DEBUG org.apache.poi.openxml4j.opc.PackageRelationshipCollection:309 - Parsing relationship: /xl/worksheets/_rels/sheet1.xml.rels
08:23:09.401 [main] DEBUG org.apache.poi.openxml4j.opc.PackageRelationshipCollection:309 - Parsing relationship: /xl/worksheets/_rels/sheet2.xml.rels
08:23:09.406 [main] DEBUG org.apache.poi.openxml4j.opc.PackageRelationshipCollection:309 - Parsing relationship: /xl/worksheets/_rels/sheet3.xml.rels
08:23:09.410 [main] DEBUG org.apache.poi.openxml4j.opc.PackageRelationshipCollection:309 - Parsing relationship: /xl/worksheets/_rels/sheet4.xml.rels
08:23:09.417 [main] DEBUG org.apache.poi.openxml4j.opc.PackageRelationshipCollection:309 - Parsing relationship: /xl/worksheets/_rels/sheet6.xml.rels
08:23:09.422 [main] DEBUG org.apache.poi.openxml4j.opc.PackageRelationshipCollection:309 - Parsing relationship: /xl/worksheets/_rels/sheet7.xml.rels
08:23:09.427 [main] DEBUG org.apache.poi.openxml4j.opc.PackageRelationshipCollection:309 - Parsing relationship: /xl/worksheets/_rels/sheet8.xml.rels
08:23:09.432 [main] DEBUG org.apache.poi.openxml4j.opc.PackageRelationshipCollection:309 - Parsing relationship: /_rels/.rels
08:23:10.754 [main] DEBUG org.apache.poi.ooxml.POIXMLFactory:65 - using default POIXMLDocumentPart for http://schemas.openxmlformats.org/officeDocument/2006/relationships/printerSettings
08:23:10.854 [main] DEBUG org.apache.poi.ooxml.POIXMLFactory:65 - using default POIXMLDocumentPart for http://schemas.openxmlformats.org/officeDocument/2006/relationships/chartUserShapes
08:23:10.858 [main] DEBUG org.apache.poi.ooxml.POIXMLFactory:65 - using default POIXMLDocumentPart for http://schemas.openxmlformats.org/officeDocument/2006/relationships/chartUserShapes
08:23:10.860 [main] DEBUG org.apache.poi.ooxml.POIXMLFactory:65 - using default POIXMLDocumentPart for http://schemas.openxmlformats.org/officeDocument/2006/relationships/chartUserShapes
08:23:10.864 [main] DEBUG org.apache.poi.ooxml.POIXMLFactory:65 - using default POIXMLDocumentPart for http://schemas.openxmlformats.org/officeDocument/2006/relationships/printerSettings
08:23:10.894 [main] DEBUG org.apache.poi.ooxml.POIXMLFactory:65 - using default POIXMLDocumentPart for http://schemas.openxmlformats.org/officeDocument/2006/relationships/chartUserShapes
08:23:10.898 [main] DEBUG org.apache.poi.ooxml.POIXMLFactory:65 - using default POIXMLDocumentPart for http://schemas.openxmlformats.org/officeDocument/2006/relationships/printerSettings
08:23:10.915 [main] DEBUG org.apache.poi.ooxml.POIXMLFactory:65 - using default POIXMLDocumentPart for http://schemas.openxmlformats.org/officeDocument/2006/relationships/printerSettings
08:23:10.945 [main] DEBUG org.apache.poi.ooxml.POIXMLFactory:65 - using default POIXMLDocumentPart for http://schemas.openxmlformats.org/officeDocument/2006/relationships/chartUserShapes
08:23:10.949 [main] DEBUG org.apache.poi.ooxml.POIXMLFactory:65 - using default POIXMLDocumentPart for http://schemas.openxmlformats.org/officeDocument/2006/relationships/printerSettings
08:23:11.073 [main] DEBUG org.apache.poi.ooxml.POIXMLFactory:65 - using default POIXMLDocumentPart for http://schemas.openxmlformats.org/officeDocument/2006/relationships/printerSettings
08:23:11.107 [main] DEBUG org.apache.poi.ooxml.POIXMLFactory:65 - using default POIXMLDocumentPart for http://schemas.openxmlformats.org/officeDocument/2006/relationships/printerSettings
08:23:12.773 [main] DEBUG org.apache.poi.openxml4j.opc.ZipPackage:562 - Save content types part
08:23:12.997 [main] DEBUG org.apache.poi.openxml4j.opc.ZipPackage:566 - Save package relationships
08:23:13.009 [main] DEBUG org.apache.poi.openxml4j.opc.ZipPackage:580 - Save part 'docProps/app.xml'
08:23:13.012 [main] DEBUG org.apache.poi.openxml4j.opc.ZipPackage:580 - Save part 'docProps/core.xml'
08:23:13.031 [main] DEBUG org.apache.poi.openxml4j.opc.ZipPackage:580 - Save part 'xl/charts/chart1.xml'
08:23:13.039 [main] DEBUG org.apache.poi.openxml4j.opc.ZipPackage:580 - Save part 'xl/charts/chart2.xml'
08:23:13.045 [main] DEBUG org.apache.poi.openxml4j.opc.ZipPackage:580 - Save part 'xl/charts/chart3.xml'
08:23:13.049 [main] DEBUG org.apache.poi.openxml4j.opc.ZipPackage:580 - Save part 'xl/charts/chart4.xml'
08:23:13.051 [main] DEBUG org.apache.poi.openxml4j.opc.ZipPackage:580 - Save part 'xl/charts/chart5.xml'
08:23:13.058 [main] DEBUG org.apache.poi.openxml4j.opc.ZipPackage:580 - Save part 'xl/charts/chart6.xml'
08:23:13.060 [main] DEBUG org.apache.poi.openxml4j.opc.ZipPackage:580 - Save part 'xl/charts/chart7.xml'
08:23:13.062 [main] DEBUG org.apache.poi.openxml4j.opc.ZipPackage:580 - Save part 'xl/charts/chart8.xml'
08:23:13.068 [main] DEBUG org.apache.poi.openxml4j.opc.ZipPackage:580 - Save part 'xl/charts/chart9.xml'
08:23:13.070 [main] DEBUG org.apache.poi.openxml4j.opc.ZipPackage:580 - Save part 'xl/charts/chart10.xml'
08:23:13.073 [main] DEBUG org.apache.poi.openxml4j.opc.ZipPackage:580 - Save part 'xl/drawings/drawing1.xml'
08:23:13.085 [main] DEBUG org.apache.poi.openxml4j.opc.ZipPackage:580 - Save part 'xl/drawings/drawing2.xml'
08:23:13.092 [main] DEBUG org.apache.poi.openxml4j.opc.ZipPackage:580 - Save part 'xl/drawings/drawing3.xml'
08:23:13.098 [main] DEBUG org.apache.poi.openxml4j.opc.ZipPackage:580 - Save part 'xl/drawings/drawing4.xml'
08:23:13.102 [main] DEBUG org.apache.poi.openxml4j.opc.ZipPackage:580 - Save part 'xl/drawings/drawing5.xml'
08:23:13.110 [main] DEBUG org.apache.poi.openxml4j.opc.ZipPackage:580 - Save part 'xl/drawings/drawing6.xml'
08:23:13.114 [main] DEBUG org.apache.poi.openxml4j.opc.ZipPackage:580 - Save part 'xl/drawings/drawing7.xml'
08:23:13.129 [main] DEBUG org.apache.poi.openxml4j.opc.ZipPackage:580 - Save part 'xl/drawings/drawing8.xml'
08:23:13.144 [main] DEBUG org.apache.poi.openxml4j.opc.ZipPackage:580 - Save part 'xl/drawings/drawing9.xml'
08:23:13.150 [main] DEBUG org.apache.poi.openxml4j.opc.ZipPackage:580 - Save part 'xl/externalLinks/externalLink1.xml'
08:23:13.164 [main] DEBUG org.apache.poi.openxml4j.opc.ZipPackage:580 - Save part 'xl/printerSettings/printerSettings1.bin'
08:23:13.167 [main] DEBUG org.apache.poi.openxml4j.opc.ZipPackage:580 - Save part 'xl/printerSettings/printerSettings2.bin'
08:23:13.171 [main] DEBUG org.apache.poi.openxml4j.opc.ZipPackage:580 - Save part 'xl/printerSettings/printerSettings3.bin'
08:23:13.183 [main] DEBUG org.apache.poi.openxml4j.opc.ZipPackage:580 - Save part 'xl/printerSettings/printerSettings4.bin'
08:23:13.185 [main] DEBUG org.apache.poi.openxml4j.opc.ZipPackage:580 - Save part 'xl/printerSettings/printerSettings7.bin'
08:23:13.189 [main] DEBUG org.apache.poi.openxml4j.opc.ZipPackage:580 - Save part 'xl/sharedStrings.xml'
08:23:13.199 [main] DEBUG org.apache.poi.openxml4j.opc.ZipPackage:580 - Save part 'xl/styles.xml'
08:23:13.221 [main] DEBUG org.apache.poi.openxml4j.opc.ZipPackage:580 - Save part 'xl/theme/theme1.xml'
08:23:13.225 [main] DEBUG org.apache.poi.openxml4j.opc.ZipPackage:580 - Save part 'xl/workbook.xml'
08:23:13.237 [main] DEBUG org.apache.poi.openxml4j.opc.ZipPackage:580 - Save part 'xl/worksheets/sheet1.xml'
08:23:13.244 [main] DEBUG org.apache.poi.openxml4j.opc.ZipPackage:580 - Save part 'xl/worksheets/sheet2.xml'
08:23:13.255 [main] DEBUG org.apache.poi.openxml4j.opc.ZipPackage:580 - Save part 'xl/worksheets/sheet3.xml'
08:23:13.283 [main] DEBUG org.apache.poi.openxml4j.opc.ZipPackage:580 - Save part 'xl/worksheets/sheet4.xml'
08:23:13.301 [main] DEBUG org.apache.poi.openxml4j.opc.ZipPackage:580 - Save part 'xl/worksheets/sheet8.xml'
08:23:29.245 [main] INFO  stepDefinitions.Hooks:31 - ---------------Test Automation has started------------
08:23:29.255 [main] INFO  stepDefinitions.Hooks:32 - Test Scenario : Sample Scenario
08:23:29.260 [main] INFO  stepDefinitions.Hooks:33 - Browser type ----> chrome
08:23:33.784 [main] INFO  stepDefinitions.SampleSteps:16 - Something happened
08:23:33.787 [main] INFO  stepDefinitions.SampleSteps:22 - Something certain happened
08:23:33.789 [main] INFO  stepDefinitions.SampleSteps:29 - Something special happened
08:23:33.793 [main] INFO  stepDefinitions.Hooks:53 - Test scenario -->>> ->>>> Passed
08:25:55.867 [pool-3-thread-1] INFO  stepDefinitions.Hooks:31 - ---------------Test Automation has started------------
08:25:55.880 [pool-3-thread-1] INFO  stepDefinitions.Hooks:32 - Test Scenario : Sample Scenario
08:25:55.886 [pool-3-thread-1] INFO  stepDefinitions.Hooks:33 - Browser type ----> chrome
08:26:00.872 [pool-3-thread-1] INFO  stepDefinitions.SampleSteps:16 - Something happened
08:26:00.879 [pool-3-thread-1] INFO  stepDefinitions.SampleSteps:22 - Something certain happened
08:26:00.884 [pool-3-thread-1] INFO  stepDefinitions.SampleSteps:29 - Something special happened
08:26:00.901 [pool-3-thread-1] INFO  stepDefinitions.Hooks:53 - Test scenario -->>> ->>>> Passed
08:26:05.312 [main] DEBUG org.apache.poi.openxml4j.opc.PackageRelationshipCollection:309 - Parsing relationship: /xl/charts/_rels/chart1.xml.rels
08:26:05.326 [main] DEBUG org.apache.poi.openxml4j.opc.PackageRelationshipCollection:309 - Parsing relationship: /xl/charts/_rels/chart2.xml.rels
08:26:05.334 [main] DEBUG org.apache.poi.openxml4j.opc.PackageRelationshipCollection:309 - Parsing relationship: /xl/charts/_rels/chart3.xml.rels
08:26:05.344 [main] DEBUG org.apache.poi.openxml4j.opc.PackageRelationshipCollection:309 - Parsing relationship: /xl/charts/_rels/chart5.xml.rels
08:26:05.354 [main] DEBUG org.apache.poi.openxml4j.opc.PackageRelationshipCollection:309 - Parsing relationship: /xl/charts/_rels/chart8.xml.rels
08:26:05.359 [main] DEBUG org.apache.poi.openxml4j.opc.PackageRelationshipCollection:309 - Parsing relationship: /xl/drawings/_rels/drawing1.xml.rels
08:26:05.368 [main] DEBUG org.apache.poi.openxml4j.opc.PackageRelationshipCollection:309 - Parsing relationship: /xl/drawings/_rels/drawing5.xml.rels
08:26:05.379 [main] DEBUG org.apache.poi.openxml4j.opc.PackageRelationshipCollection:309 - Parsing relationship: /xl/drawings/_rels/drawing7.xml.rels
08:26:05.389 [main] DEBUG org.apache.poi.openxml4j.opc.PackageRelationshipCollection:309 - Parsing relationship: /xl/drawings/_rels/drawing8.xml.rels
08:26:05.394 [main] DEBUG org.apache.poi.openxml4j.opc.PackageRelationshipCollection:309 - Parsing relationship: /xl/drawings/_rels/drawing10.xml.rels
08:26:05.403 [main] DEBUG org.apache.poi.openxml4j.opc.PackageRelationshipCollection:309 - Parsing relationship: /xl/drawings/_rels/drawing11.xml.rels
08:26:05.408 [main] DEBUG org.apache.poi.openxml4j.opc.PackageRelationshipCollection:309 - Parsing relationship: /xl/externalLinks/_rels/externalLink1.xml.rels
08:26:05.417 [main] DEBUG org.apache.poi.openxml4j.opc.PackageRelationshipCollection:309 - Parsing relationship: /xl/_rels/workbook.xml.rels
08:26:05.442 [main] DEBUG org.apache.poi.openxml4j.opc.PackageRelationshipCollection:309 - Parsing relationship: /xl/worksheets/_rels/sheet1.xml.rels
08:26:05.448 [main] DEBUG org.apache.poi.openxml4j.opc.PackageRelationshipCollection:309 - Parsing relationship: /xl/worksheets/_rels/sheet2.xml.rels
08:26:05.454 [main] DEBUG org.apache.poi.openxml4j.opc.PackageRelationshipCollection:309 - Parsing relationship: /xl/worksheets/_rels/sheet3.xml.rels
08:26:05.463 [main] DEBUG org.apache.poi.openxml4j.opc.PackageRelationshipCollection:309 - Parsing relationship: /xl/worksheets/_rels/sheet4.xml.rels
08:26:05.470 [main] DEBUG org.apache.poi.openxml4j.opc.PackageRelationshipCollection:309 - Parsing relationship: /xl/worksheets/_rels/sheet6.xml.rels
08:26:05.476 [main] DEBUG org.apache.poi.openxml4j.opc.PackageRelationshipCollection:309 - Parsing relationship: /xl/worksheets/_rels/sheet7.xml.rels
08:26:05.482 [main] DEBUG org.apache.poi.openxml4j.opc.PackageRelationshipCollection:309 - Parsing relationship: /xl/worksheets/_rels/sheet8.xml.rels
08:26:05.496 [main] DEBUG org.apache.poi.openxml4j.opc.PackageRelationshipCollection:309 - Parsing relationship: /_rels/.rels
08:26:06.872 [main] DEBUG org.apache.poi.ooxml.POIXMLFactory:65 - using default POIXMLDocumentPart for http://schemas.openxmlformats.org/officeDocument/2006/relationships/printerSettings
08:26:06.943 [main] DEBUG org.apache.poi.ooxml.POIXMLFactory:65 - using default POIXMLDocumentPart for http://schemas.openxmlformats.org/officeDocument/2006/relationships/chartUserShapes
08:26:06.945 [main] DEBUG org.apache.poi.ooxml.POIXMLFactory:65 - using default POIXMLDocumentPart for http://schemas.openxmlformats.org/officeDocument/2006/relationships/chartUserShapes
08:26:06.948 [main] DEBUG org.apache.poi.ooxml.POIXMLFactory:65 - using default POIXMLDocumentPart for http://schemas.openxmlformats.org/officeDocument/2006/relationships/chartUserShapes
08:26:06.954 [main] DEBUG org.apache.poi.ooxml.POIXMLFactory:65 - using default POIXMLDocumentPart for http://schemas.openxmlformats.org/officeDocument/2006/relationships/printerSettings
08:26:06.984 [main] DEBUG org.apache.poi.ooxml.POIXMLFactory:65 - using default POIXMLDocumentPart for http://schemas.openxmlformats.org/officeDocument/2006/relationships/chartUserShapes
08:26:06.986 [main] DEBUG org.apache.poi.ooxml.POIXMLFactory:65 - using default POIXMLDocumentPart for http://schemas.openxmlformats.org/officeDocument/2006/relationships/printerSettings
08:26:07.003 [main] DEBUG org.apache.poi.ooxml.POIXMLFactory:65 - using default POIXMLDocumentPart for http://schemas.openxmlformats.org/officeDocument/2006/relationships/printerSettings
08:26:07.035 [main] DEBUG org.apache.poi.ooxml.POIXMLFactory:65 - using default POIXMLDocumentPart for http://schemas.openxmlformats.org/officeDocument/2006/relationships/chartUserShapes
08:26:07.038 [main] DEBUG org.apache.poi.ooxml.POIXMLFactory:65 - using default POIXMLDocumentPart for http://schemas.openxmlformats.org/officeDocument/2006/relationships/printerSettings
08:26:07.056 [main] DEBUG org.apache.poi.ooxml.POIXMLFactory:65 - using default POIXMLDocumentPart for http://schemas.openxmlformats.org/officeDocument/2006/relationships/printerSettings
08:26:07.074 [main] DEBUG org.apache.poi.ooxml.POIXMLFactory:65 - using default POIXMLDocumentPart for http://schemas.openxmlformats.org/officeDocument/2006/relationships/printerSettings
08:26:08.883 [main] DEBUG org.apache.poi.openxml4j.opc.ZipPackage:562 - Save content types part
08:26:09.068 [main] DEBUG org.apache.poi.openxml4j.opc.ZipPackage:566 - Save package relationships
08:26:09.082 [main] DEBUG org.apache.poi.openxml4j.opc.ZipPackage:580 - Save part 'docProps/app.xml'
08:26:09.085 [main] DEBUG org.apache.poi.openxml4j.opc.ZipPackage:580 - Save part 'docProps/core.xml'
08:26:09.121 [main] DEBUG org.apache.poi.openxml4j.opc.ZipPackage:580 - Save part 'xl/charts/chart1.xml'
08:26:09.135 [main] DEBUG org.apache.poi.openxml4j.opc.ZipPackage:580 - Save part 'xl/charts/chart2.xml'
08:26:09.143 [main] DEBUG org.apache.poi.openxml4j.opc.ZipPackage:580 - Save part 'xl/charts/chart3.xml'
08:26:09.151 [main] DEBUG org.apache.poi.openxml4j.opc.ZipPackage:580 - Save part 'xl/charts/chart4.xml'
08:26:09.154 [main] DEBUG org.apache.poi.openxml4j.opc.ZipPackage:580 - Save part 'xl/charts/chart5.xml'
08:26:09.161 [main] DEBUG org.apache.poi.openxml4j.opc.ZipPackage:580 - Save part 'xl/charts/chart6.xml'
08:26:09.166 [main] DEBUG org.apache.poi.openxml4j.opc.ZipPackage:580 - Save part 'xl/charts/chart7.xml'
08:26:09.176 [main] DEBUG org.apache.poi.openxml4j.opc.ZipPackage:580 - Save part 'xl/charts/chart8.xml'
08:26:09.184 [main] DEBUG org.apache.poi.openxml4j.opc.ZipPackage:580 - Save part 'xl/charts/chart9.xml'
08:26:09.186 [main] DEBUG org.apache.poi.openxml4j.opc.ZipPackage:580 - Save part 'xl/charts/chart10.xml'
08:26:09.194 [main] DEBUG org.apache.poi.openxml4j.opc.ZipPackage:580 - Save part 'xl/drawings/drawing1.xml'
08:26:09.200 [main] DEBUG org.apache.poi.openxml4j.opc.ZipPackage:580 - Save part 'xl/drawings/drawing2.xml'
08:26:09.203 [main] DEBUG org.apache.poi.openxml4j.opc.ZipPackage:580 - Save part 'xl/drawings/drawing3.xml'
08:26:09.207 [main] DEBUG org.apache.poi.openxml4j.opc.ZipPackage:580 - Save part 'xl/drawings/drawing4.xml'
08:26:09.209 [main] DEBUG org.apache.poi.openxml4j.opc.ZipPackage:580 - Save part 'xl/drawings/drawing5.xml'
08:26:09.218 [main] DEBUG org.apache.poi.openxml4j.opc.ZipPackage:580 - Save part 'xl/drawings/drawing6.xml'
08:26:09.221 [main] DEBUG org.apache.poi.openxml4j.opc.ZipPackage:580 - Save part 'xl/drawings/drawing7.xml'
08:26:09.227 [main] DEBUG org.apache.poi.openxml4j.opc.ZipPackage:580 - Save part 'xl/drawings/drawing8.xml'
08:26:09.235 [main] DEBUG org.apache.poi.openxml4j.opc.ZipPackage:580 - Save part 'xl/drawings/drawing9.xml'
08:26:09.238 [main] DEBUG org.apache.poi.openxml4j.opc.ZipPackage:580 - Save part 'xl/externalLinks/externalLink1.xml'
08:26:09.246 [main] DEBUG org.apache.poi.openxml4j.opc.ZipPackage:580 - Save part 'xl/printerSettings/printerSettings1.bin'
08:26:09.249 [main] DEBUG org.apache.poi.openxml4j.opc.ZipPackage:580 - Save part 'xl/printerSettings/printerSettings2.bin'
08:26:09.252 [main] DEBUG org.apache.poi.openxml4j.opc.ZipPackage:580 - Save part 'xl/printerSettings/printerSettings3.bin'
08:26:09.264 [main] DEBUG org.apache.poi.openxml4j.opc.ZipPackage:580 - Save part 'xl/printerSettings/printerSettings4.bin'
08:26:09.269 [main] DEBUG org.apache.poi.openxml4j.opc.ZipPackage:580 - Save part 'xl/printerSettings/printerSettings7.bin'
08:26:09.272 [main] DEBUG org.apache.poi.openxml4j.opc.ZipPackage:580 - Save part 'xl/sharedStrings.xml'
08:26:09.275 [main] DEBUG org.apache.poi.openxml4j.opc.ZipPackage:580 - Save part 'xl/styles.xml'
08:26:09.277 [main] DEBUG org.apache.poi.openxml4j.opc.ZipPackage:580 - Save part 'xl/theme/theme1.xml'
08:26:09.280 [main] DEBUG org.apache.poi.openxml4j.opc.ZipPackage:580 - Save part 'xl/workbook.xml'
08:26:09.291 [main] DEBUG org.apache.poi.openxml4j.opc.ZipPackage:580 - Save part 'xl/worksheets/sheet1.xml'
08:26:09.304 [main] DEBUG org.apache.poi.openxml4j.opc.ZipPackage:580 - Save part 'xl/worksheets/sheet2.xml'
08:26:09.319 [main] DEBUG org.apache.poi.openxml4j.opc.ZipPackage:580 - Save part 'xl/worksheets/sheet3.xml'
08:26:09.337 [main] DEBUG org.apache.poi.openxml4j.opc.ZipPackage:580 - Save part 'xl/worksheets/sheet4.xml'
08:26:09.380 [main] DEBUG org.apache.poi.openxml4j.opc.ZipPackage:580 - Save part 'xl/worksheets/sheet8.xml'
08:26:24.590 [main] INFO  stepDefinitions.Hooks:31 - ---------------Test Automation has started------------
08:26:24.604 [main] INFO  stepDefinitions.Hooks:32 - Test Scenario : Sample Scenario
08:26:24.610 [main] INFO  stepDefinitions.Hooks:33 - Browser type ----> chrome
08:26:30.563 [main] INFO  stepDefinitions.SampleSteps:16 - Something happened
08:26:30.566 [main] INFO  stepDefinitions.SampleSteps:22 - Something certain happened
08:26:30.569 [main] INFO  stepDefinitions.SampleSteps:29 - Something special happened
08:26:30.573 [main] INFO  stepDefinitions.Hooks:53 - Test scenario -->>> ->>>> Passed
09:05:55.514 [pool-3-thread-1] INFO  stepDefinitions.Hooks:31 - ---------------Test Automation has started------------
09:05:55.520 [pool-3-thread-1] INFO  stepDefinitions.Hooks:32 - Test Scenario : Sample Scenario
09:05:55.523 [pool-3-thread-1] INFO  stepDefinitions.Hooks:33 - Browser type ----> chrome
09:05:59.358 [pool-3-thread-1] INFO  stepDefinitions.SampleSteps:16 - Something happened
09:05:59.361 [pool-3-thread-1] INFO  stepDefinitions.SampleSteps:22 - Something certain happened
09:05:59.365 [pool-3-thread-1] INFO  stepDefinitions.SampleSteps:29 - Something special happened
09:05:59.373 [pool-3-thread-1] INFO  stepDefinitions.Hooks:53 - Test scenario -->>> ->>>> Passed
09:06:02.078 [main] DEBUG org.apache.poi.openxml4j.opc.PackageRelationshipCollection:309 - Parsing relationship: /xl/charts/_rels/chart1.xml.rels
09:06:02.084 [main] DEBUG org.apache.poi.openxml4j.opc.PackageRelationshipCollection:309 - Parsing relationship: /xl/charts/_rels/chart2.xml.rels
09:06:02.091 [main] DEBUG org.apache.poi.openxml4j.opc.PackageRelationshipCollection:309 - Parsing relationship: /xl/charts/_rels/chart3.xml.rels
09:06:02.095 [main] DEBUG org.apache.poi.openxml4j.opc.PackageRelationshipCollection:309 - Parsing relationship: /xl/charts/_rels/chart5.xml.rels
09:06:02.098 [main] DEBUG org.apache.poi.openxml4j.opc.PackageRelationshipCollection:309 - Parsing relationship: /xl/charts/_rels/chart8.xml.rels
09:06:02.103 [main] DEBUG org.apache.poi.openxml4j.opc.PackageRelationshipCollection:309 - Parsing relationship: /xl/drawings/_rels/drawing1.xml.rels
09:06:02.109 [main] DEBUG org.apache.poi.openxml4j.opc.PackageRelationshipCollection:309 - Parsing relationship: /xl/drawings/_rels/drawing5.xml.rels
09:06:02.114 [main] DEBUG org.apache.poi.openxml4j.opc.PackageRelationshipCollection:309 - Parsing relationship: /xl/drawings/_rels/drawing7.xml.rels
09:06:02.117 [main] DEBUG org.apache.poi.openxml4j.opc.PackageRelationshipCollection:309 - Parsing relationship: /xl/drawings/_rels/drawing8.xml.rels
09:06:02.123 [main] DEBUG org.apache.poi.openxml4j.opc.PackageRelationshipCollection:309 - Parsing relationship: /xl/drawings/_rels/drawing10.xml.rels
09:06:02.126 [main] DEBUG org.apache.poi.openxml4j.opc.PackageRelationshipCollection:309 - Parsing relationship: /xl/drawings/_rels/drawing11.xml.rels
09:06:02.129 [main] DEBUG org.apache.poi.openxml4j.opc.PackageRelationshipCollection:309 - Parsing relationship: /xl/externalLinks/_rels/externalLink1.xml.rels
09:06:02.134 [main] DEBUG org.apache.poi.openxml4j.opc.PackageRelationshipCollection:309 - Parsing relationship: /xl/_rels/workbook.xml.rels
09:06:02.142 [main] DEBUG org.apache.poi.openxml4j.opc.PackageRelationshipCollection:309 - Parsing relationship: /xl/worksheets/_rels/sheet1.xml.rels
09:06:02.147 [main] DEBUG org.apache.poi.openxml4j.opc.PackageRelationshipCollection:309 - Parsing relationship: /xl/worksheets/_rels/sheet2.xml.rels
09:06:02.150 [main] DEBUG org.apache.poi.openxml4j.opc.PackageRelationshipCollection:309 - Parsing relationship: /xl/worksheets/_rels/sheet3.xml.rels
09:06:02.158 [main] DEBUG org.apache.poi.openxml4j.opc.PackageRelationshipCollection:309 - Parsing relationship: /xl/worksheets/_rels/sheet4.xml.rels
09:06:02.169 [main] DEBUG org.apache.poi.openxml4j.opc.PackageRelationshipCollection:309 - Parsing relationship: /xl/worksheets/_rels/sheet6.xml.rels
09:06:02.174 [main] DEBUG org.apache.poi.openxml4j.opc.PackageRelationshipCollection:309 - Parsing relationship: /xl/worksheets/_rels/sheet7.xml.rels
09:06:02.179 [main] DEBUG org.apache.poi.openxml4j.opc.PackageRelationshipCollection:309 - Parsing relationship: /xl/worksheets/_rels/sheet8.xml.rels
09:06:02.192 [main] DEBUG org.apache.poi.openxml4j.opc.PackageRelationshipCollection:309 - Parsing relationship: /_rels/.rels
09:06:03.179 [main] DEBUG org.apache.poi.ooxml.POIXMLFactory:65 - using default POIXMLDocumentPart for http://schemas.openxmlformats.org/officeDocument/2006/relationships/printerSettings
09:06:03.252 [main] DEBUG org.apache.poi.ooxml.POIXMLFactory:65 - using default POIXMLDocumentPart for http://schemas.openxmlformats.org/officeDocument/2006/relationships/chartUserShapes
09:06:03.253 [main] DEBUG org.apache.poi.ooxml.POIXMLFactory:65 - using default POIXMLDocumentPart for http://schemas.openxmlformats.org/officeDocument/2006/relationships/chartUserShapes
09:06:03.255 [main] DEBUG org.apache.poi.ooxml.POIXMLFactory:65 - using default POIXMLDocumentPart for http://schemas.openxmlformats.org/officeDocument/2006/relationships/chartUserShapes
09:06:03.258 [main] DEBUG org.apache.poi.ooxml.POIXMLFactory:65 - using default POIXMLDocumentPart for http://schemas.openxmlformats.org/officeDocument/2006/relationships/printerSettings
09:06:03.278 [main] DEBUG org.apache.poi.ooxml.POIXMLFactory:65 - using default POIXMLDocumentPart for http://schemas.openxmlformats.org/officeDocument/2006/relationships/chartUserShapes
09:06:03.279 [main] DEBUG org.apache.poi.ooxml.POIXMLFactory:65 - using default POIXMLDocumentPart for http://schemas.openxmlformats.org/officeDocument/2006/relationships/printerSettings
09:06:03.292 [main] DEBUG org.apache.poi.ooxml.POIXMLFactory:65 - using default POIXMLDocumentPart for http://schemas.openxmlformats.org/officeDocument/2006/relationships/printerSettings
09:06:03.312 [main] DEBUG org.apache.poi.ooxml.POIXMLFactory:65 - using default POIXMLDocumentPart for http://schemas.openxmlformats.org/officeDocument/2006/relationships/chartUserShapes
09:06:03.314 [main] DEBUG org.apache.poi.ooxml.POIXMLFactory:65 - using default POIXMLDocumentPart for http://schemas.openxmlformats.org/officeDocument/2006/relationships/printerSettings
09:06:03.325 [main] DEBUG org.apache.poi.ooxml.POIXMLFactory:65 - using default POIXMLDocumentPart for http://schemas.openxmlformats.org/officeDocument/2006/relationships/printerSettings
09:06:03.340 [main] DEBUG org.apache.poi.ooxml.POIXMLFactory:65 - using default POIXMLDocumentPart for http://schemas.openxmlformats.org/officeDocument/2006/relationships/printerSettings
09:06:04.635 [main] DEBUG org.apache.poi.openxml4j.opc.ZipPackage:562 - Save content types part
09:06:04.801 [main] DEBUG org.apache.poi.openxml4j.opc.ZipPackage:566 - Save package relationships
09:06:04.810 [main] DEBUG org.apache.poi.openxml4j.opc.ZipPackage:580 - Save part 'docProps/app.xml'
09:06:04.812 [main] DEBUG org.apache.poi.openxml4j.opc.ZipPackage:580 - Save part 'docProps/core.xml'
09:06:04.823 [main] DEBUG org.apache.poi.openxml4j.opc.ZipPackage:580 - Save part 'xl/charts/chart1.xml'
09:06:04.827 [main] DEBUG org.apache.poi.openxml4j.opc.ZipPackage:580 - Save part 'xl/charts/chart2.xml'
09:06:04.832 [main] DEBUG org.apache.poi.openxml4j.opc.ZipPackage:580 - Save part 'xl/charts/chart3.xml'
09:06:04.836 [main] DEBUG org.apache.poi.openxml4j.opc.ZipPackage:580 - Save part 'xl/charts/chart4.xml'
09:06:04.845 [main] DEBUG org.apache.poi.openxml4j.opc.ZipPackage:580 - Save part 'xl/charts/chart5.xml'
09:06:04.857 [main] DEBUG org.apache.poi.openxml4j.opc.ZipPackage:580 - Save part 'xl/charts/chart6.xml'
09:06:04.867 [main] DEBUG org.apache.poi.openxml4j.opc.ZipPackage:580 - Save part 'xl/charts/chart7.xml'
09:06:04.877 [main] DEBUG org.apache.poi.openxml4j.opc.ZipPackage:580 - Save part 'xl/charts/chart8.xml'
09:06:04.886 [main] DEBUG org.apache.poi.openxml4j.opc.ZipPackage:580 - Save part 'xl/charts/chart9.xml'
09:06:04.893 [main] DEBUG org.apache.poi.openxml4j.opc.ZipPackage:580 - Save part 'xl/charts/chart10.xml'
09:06:04.903 [main] DEBUG org.apache.poi.openxml4j.opc.ZipPackage:580 - Save part 'xl/drawings/drawing1.xml'
09:06:04.913 [main] DEBUG org.apache.poi.openxml4j.opc.ZipPackage:580 - Save part 'xl/drawings/drawing2.xml'
09:06:04.914 [main] DEBUG org.apache.poi.openxml4j.opc.ZipPackage:580 - Save part 'xl/drawings/drawing3.xml'
09:06:04.916 [main] DEBUG org.apache.poi.openxml4j.opc.ZipPackage:580 - Save part 'xl/drawings/drawing4.xml'
09:06:04.918 [main] DEBUG org.apache.poi.openxml4j.opc.ZipPackage:580 - Save part 'xl/drawings/drawing5.xml'
09:06:04.924 [main] DEBUG org.apache.poi.openxml4j.opc.ZipPackage:580 - Save part 'xl/drawings/drawing6.xml'
09:06:04.926 [main] DEBUG org.apache.poi.openxml4j.opc.ZipPackage:580 - Save part 'xl/drawings/drawing7.xml'
09:06:04.931 [main] DEBUG org.apache.poi.openxml4j.opc.ZipPackage:580 - Save part 'xl/drawings/drawing8.xml'
09:06:04.936 [main] DEBUG org.apache.poi.openxml4j.opc.ZipPackage:580 - Save part 'xl/drawings/drawing9.xml'
09:06:04.938 [main] DEBUG org.apache.poi.openxml4j.opc.ZipPackage:580 - Save part 'xl/externalLinks/externalLink1.xml'
09:06:04.945 [main] DEBUG org.apache.poi.openxml4j.opc.ZipPackage:580 - Save part 'xl/printerSettings/printerSettings1.bin'
09:06:04.947 [main] DEBUG org.apache.poi.openxml4j.opc.ZipPackage:580 - Save part 'xl/printerSettings/printerSettings2.bin'
09:06:04.949 [main] DEBUG org.apache.poi.openxml4j.opc.ZipPackage:580 - Save part 'xl/printerSettings/printerSettings3.bin'
09:06:04.951 [main] DEBUG org.apache.poi.openxml4j.opc.ZipPackage:580 - Save part 'xl/printerSettings/printerSettings4.bin'
09:06:04.952 [main] DEBUG org.apache.poi.openxml4j.opc.ZipPackage:580 - Save part 'xl/printerSettings/printerSettings7.bin'
09:06:04.954 [main] DEBUG org.apache.poi.openxml4j.opc.ZipPackage:580 - Save part 'xl/sharedStrings.xml'
09:06:04.956 [main] DEBUG org.apache.poi.openxml4j.opc.ZipPackage:580 - Save part 'xl/styles.xml'
09:06:04.958 [main] DEBUG org.apache.poi.openxml4j.opc.ZipPackage:580 - Save part 'xl/theme/theme1.xml'
09:06:04.960 [main] DEBUG org.apache.poi.openxml4j.opc.ZipPackage:580 - Save part 'xl/workbook.xml'
09:06:04.966 [main] DEBUG org.apache.poi.openxml4j.opc.ZipPackage:580 - Save part 'xl/worksheets/sheet1.xml'
09:06:04.971 [main] DEBUG org.apache.poi.openxml4j.opc.ZipPackage:580 - Save part 'xl/worksheets/sheet2.xml'
09:06:04.976 [main] DEBUG org.apache.poi.openxml4j.opc.ZipPackage:580 - Save part 'xl/worksheets/sheet3.xml'
09:06:04.986 [main] DEBUG org.apache.poi.openxml4j.opc.ZipPackage:580 - Save part 'xl/worksheets/sheet4.xml'
09:06:04.992 [main] DEBUG org.apache.poi.openxml4j.opc.ZipPackage:580 - Save part 'xl/worksheets/sheet8.xml'
09:07:11.955 [main] INFO  stepDefinitions.Hooks:31 - ---------------Test Automation has started------------
09:07:11.962 [main] INFO  stepDefinitions.Hooks:32 - Test Scenario : Sample Scenario
09:07:11.965 [main] INFO  stepDefinitions.Hooks:33 - Browser type ----> chrome
09:07:14.673 [main] INFO  stepDefinitions.SampleSteps:16 - Something happened
09:07:14.676 [main] INFO  stepDefinitions.SampleSteps:22 - Something certain happened
09:07:14.677 [main] INFO  stepDefinitions.SampleSteps:29 - Something special happened
09:07:14.681 [main] INFO  stepDefinitions.Hooks:53 - Test scenario -->>> ->>>> Passed
